mode: set
github.com/zen-flo/url-shortener/docs/docs.go:174.13,176.2 1 0
github.com/zen-flo/url-shortener/internal/db/sqllite.go:15.37,17.16 2 0
github.com/zen-flo/url-shortener/internal/db/sqllite.go:17.16,19.3 1 0
github.com/zen-flo/url-shortener/internal/db/sqllite.go:21.2,30.43 2 0
github.com/zen-flo/url-shortener/internal/db/sqllite.go:30.43,32.3 1 0
github.com/zen-flo/url-shortener/internal/db/sqllite.go:34.2,35.11 2 0
github.com/zen-flo/url-shortener/cmd/main.go:25.13,34.15 5 0
github.com/zen-flo/url-shortener/cmd/main.go:34.15,35.42 1 0
github.com/zen-flo/url-shortener/cmd/main.go:35.42,37.4 1 0
github.com/zen-flo/url-shortener/cmd/main.go:41.2,48.12 4 0
github.com/zen-flo/url-shortener/cmd/main.go:48.12,51.22 3 0
github.com/zen-flo/url-shortener/cmd/main.go:51.22,53.4 1 0
github.com/zen-flo/url-shortener/cmd/main.go:57.2,57.58 1 0
github.com/zen-flo/url-shortener/cmd/main.go:57.58,59.76 2 0
github.com/zen-flo/url-shortener/cmd/main.go:59.76,61.4 1 0
github.com/zen-flo/url-shortener/cmd/main.go:65.2,65.64 1 0
github.com/zen-flo/url-shortener/cmd/main.go:65.64,68.3 2 0
github.com/zen-flo/url-shortener/cmd/main.go:71.2,80.73 4 0
github.com/zen-flo/url-shortener/cmd/main.go:80.73,82.3 1 0
github.com/zen-flo/url-shortener/internal/middleware/metrics.go:31.13,33.2 1 1
github.com/zen-flo/url-shortener/internal/middleware/metrics.go:35.56,36.71 1 1
github.com/zen-flo/url-shortener/internal/middleware/metrics.go:36.71,45.3 6 1
github.com/zen-flo/url-shortener/internal/middleware/metrics.go:53.51,56.2 2 1
github.com/zen-flo/url-shortener/internal/middleware/metrics.go:59.36,61.2 1 1
github.com/zen-flo/url-shortener/internal/handler/url_handler.go:22.55,24.2 1 1
github.com/zen-flo/url-shortener/internal/handler/url_handler.go:29.51,34.2 3 1
github.com/zen-flo/url-shortener/internal/handler/url_handler.go:51.77,57.61 3 1
github.com/zen-flo/url-shortener/internal/handler/url_handler.go:57.61,60.3 2 0
github.com/zen-flo/url-shortener/internal/handler/url_handler.go:62.2,63.16 2 1
github.com/zen-flo/url-shortener/internal/handler/url_handler.go:63.16,66.3 2 0
github.com/zen-flo/url-shortener/internal/handler/url_handler.go:68.2,70.55 3 1
github.com/zen-flo/url-shortener/internal/handler/url_handler.go:70.55,72.3 1 0
github.com/zen-flo/url-shortener/internal/handler/url_handler.go:87.77,90.16 3 1
github.com/zen-flo/url-shortener/internal/handler/url_handler.go:90.16,93.3 2 1
github.com/zen-flo/url-shortener/internal/handler/url_handler.go:95.2,96.55 2 1
github.com/zen-flo/url-shortener/internal/handler/url_handler.go:96.55,98.3 1 0
github.com/zen-flo/url-shortener/internal/handler/url_handler.go:112.72,114.51 2 1
github.com/zen-flo/url-shortener/internal/handler/url_handler.go:114.51,117.3 2 0
github.com/zen-flo/url-shortener/internal/handler/url_handler.go:118.2,118.37 1 1
github.com/zen-flo/url-shortener/internal/service/url_service.go:32.13,35.2 2 1
github.com/zen-flo/url-shortener/internal/service/url_service.go:47.45,51.2 3 1
github.com/zen-flo/url-shortener/internal/service/url_service.go:56.74,57.20 1 1
github.com/zen-flo/url-shortener/internal/service/url_service.go:57.20,59.3 1 0
github.com/zen-flo/url-shortener/internal/service/url_service.go:61.2,64.6 2 1
github.com/zen-flo/url-shortener/internal/service/url_service.go:64.6,67.17 3 1
github.com/zen-flo/url-shortener/internal/service/url_service.go:67.17,69.4 1 0
github.com/zen-flo/url-shortener/internal/service/url_service.go:70.3,70.18 1 1
github.com/zen-flo/url-shortener/internal/service/url_service.go:70.18,71.9 1 1
github.com/zen-flo/url-shortener/internal/service/url_service.go:73.3,73.31 1 0
github.com/zen-flo/url-shortener/internal/service/url_service.go:76.2,85.16 4 1
github.com/zen-flo/url-shortener/internal/service/url_service.go:85.16,87.3 1 0
github.com/zen-flo/url-shortener/internal/service/url_service.go:89.2,90.16 2 1
github.com/zen-flo/url-shortener/internal/service/url_service.go:90.16,92.3 1 0
github.com/zen-flo/url-shortener/internal/service/url_service.go:93.2,99.17 4 1
github.com/zen-flo/url-shortener/internal/service/url_service.go:106.71,109.16 3 1
github.com/zen-flo/url-shortener/internal/service/url_service.go:109.16,110.36 1 1
github.com/zen-flo/url-shortener/internal/service/url_service.go:110.36,112.4 1 1
github.com/zen-flo/url-shortener/internal/service/url_service.go:113.3,113.18 1 0
github.com/zen-flo/url-shortener/internal/service/url_service.go:115.2,115.18 1 1
github.com/zen-flo/url-shortener/internal/service/url_service.go:122.52,124.16 2 1
github.com/zen-flo/url-shortener/internal/service/url_service.go:124.16,126.3 1 0
github.com/zen-flo/url-shortener/internal/service/url_service.go:127.2,128.16 2 1
github.com/zen-flo/url-shortener/internal/service/url_service.go:128.16,130.3 1 0
github.com/zen-flo/url-shortener/internal/service/url_service.go:131.2,131.23 1 1
github.com/zen-flo/url-shortener/internal/service/url_service.go:131.23,133.3 1 0
github.com/zen-flo/url-shortener/internal/service/url_service.go:136.2,138.12 2 1
github.com/zen-flo/url-shortener/internal/service/url_service.go:144.39,147.16 3 1
github.com/zen-flo/url-shortener/internal/service/url_service.go:147.16,148.37 1 0
github.com/zen-flo/url-shortener/internal/service/url_service.go:148.37,150.4 1 0
github.com/zen-flo/url-shortener/internal/service/url_service.go:151.3,151.9 1 0
github.com/zen-flo/url-shortener/internal/service/url_service.go:153.2,153.30 1 1
github.com/zen-flo/url-shortener/internal/service/url_service.go:159.43,161.40 2 1
github.com/zen-flo/url-shortener/internal/service/url_service.go:161.40,163.3 1 0
github.com/zen-flo/url-shortener/internal/service/url_service.go:166.2,166.54 1 1
