mode: set
github.com/zen-flo/url-shortener/internal/db/sqllite.go:15.37,17.16 2 1
github.com/zen-flo/url-shortener/internal/db/sqllite.go:17.16,19.3 1 0
github.com/zen-flo/url-shortener/internal/db/sqllite.go:21.2,30.43 2 1
github.com/zen-flo/url-shortener/internal/db/sqllite.go:30.43,32.3 1 0
github.com/zen-flo/url-shortener/internal/db/sqllite.go:34.2,35.11 2 1
github.com/zen-flo/url-shortener/internal/service/url_service.go:32.13,35.2 2 1
github.com/zen-flo/url-shortener/internal/service/url_service.go:56.45,60.2 3 1
github.com/zen-flo/url-shortener/internal/service/url_service.go:65.74,66.20 1 1
github.com/zen-flo/url-shortener/internal/service/url_service.go:66.20,68.3 1 0
github.com/zen-flo/url-shortener/internal/service/url_service.go:70.2,73.6 2 1
github.com/zen-flo/url-shortener/internal/service/url_service.go:73.6,76.17 3 1
github.com/zen-flo/url-shortener/internal/service/url_service.go:76.17,78.4 1 0
github.com/zen-flo/url-shortener/internal/service/url_service.go:79.3,79.18 1 1
github.com/zen-flo/url-shortener/internal/service/url_service.go:79.18,80.9 1 1
github.com/zen-flo/url-shortener/internal/service/url_service.go:82.3,82.31 1 0
github.com/zen-flo/url-shortener/internal/service/url_service.go:85.2,94.16 4 1
github.com/zen-flo/url-shortener/internal/service/url_service.go:94.16,96.3 1 0
github.com/zen-flo/url-shortener/internal/service/url_service.go:98.2,99.16 2 1
github.com/zen-flo/url-shortener/internal/service/url_service.go:99.16,101.3 1 0
github.com/zen-flo/url-shortener/internal/service/url_service.go:102.2,108.17 4 1
github.com/zen-flo/url-shortener/internal/service/url_service.go:115.71,118.16 3 1
github.com/zen-flo/url-shortener/internal/service/url_service.go:118.16,119.36 1 1
github.com/zen-flo/url-shortener/internal/service/url_service.go:119.36,121.4 1 1
github.com/zen-flo/url-shortener/internal/service/url_service.go:122.3,122.18 1 0
github.com/zen-flo/url-shortener/internal/service/url_service.go:124.2,124.18 1 1
github.com/zen-flo/url-shortener/internal/service/url_service.go:131.52,133.16 2 1
github.com/zen-flo/url-shortener/internal/service/url_service.go:133.16,135.3 1 0
github.com/zen-flo/url-shortener/internal/service/url_service.go:136.2,137.16 2 1
github.com/zen-flo/url-shortener/internal/service/url_service.go:137.16,139.3 1 0
github.com/zen-flo/url-shortener/internal/service/url_service.go:140.2,140.23 1 1
github.com/zen-flo/url-shortener/internal/service/url_service.go:140.23,142.3 1 0
github.com/zen-flo/url-shortener/internal/service/url_service.go:145.2,147.12 2 1
github.com/zen-flo/url-shortener/internal/service/url_service.go:153.39,156.16 3 1
github.com/zen-flo/url-shortener/internal/service/url_service.go:156.16,157.37 1 0
github.com/zen-flo/url-shortener/internal/service/url_service.go:157.37,159.4 1 0
github.com/zen-flo/url-shortener/internal/service/url_service.go:160.3,160.9 1 0
github.com/zen-flo/url-shortener/internal/service/url_service.go:162.2,162.30 1 1
github.com/zen-flo/url-shortener/internal/service/url_service.go:168.43,170.40 2 1
github.com/zen-flo/url-shortener/internal/service/url_service.go:170.40,172.3 1 0
github.com/zen-flo/url-shortener/internal/service/url_service.go:175.2,175.54 1 1
github.com/zen-flo/url-shortener/internal/handler/url_handler.go:22.63,24.2 1 1
github.com/zen-flo/url-shortener/internal/handler/url_handler.go:29.51,34.2 3 1
github.com/zen-flo/url-shortener/internal/handler/url_handler.go:51.77,57.61 3 1
github.com/zen-flo/url-shortener/internal/handler/url_handler.go:57.61,60.3 2 0
github.com/zen-flo/url-shortener/internal/handler/url_handler.go:62.2,63.16 2 1
github.com/zen-flo/url-shortener/internal/handler/url_handler.go:63.16,66.3 2 0
github.com/zen-flo/url-shortener/internal/handler/url_handler.go:68.2,70.55 3 1
github.com/zen-flo/url-shortener/internal/handler/url_handler.go:70.55,72.3 1 0
github.com/zen-flo/url-shortener/internal/handler/url_handler.go:87.77,90.16 3 1
github.com/zen-flo/url-shortener/internal/handler/url_handler.go:90.16,93.3 2 1
github.com/zen-flo/url-shortener/internal/handler/url_handler.go:95.2,96.55 2 1
github.com/zen-flo/url-shortener/internal/handler/url_handler.go:96.55,98.3 1 0
github.com/zen-flo/url-shortener/internal/handler/url_handler.go:112.72,114.51 2 1
github.com/zen-flo/url-shortener/internal/handler/url_handler.go:114.51,117.3 2 0
github.com/zen-flo/url-shortener/internal/handler/url_handler.go:118.2,118.37 1 1
github.com/zen-flo/url-shortener/internal/middleware/metrics.go:31.13,33.2 1 1
github.com/zen-flo/url-shortener/internal/middleware/metrics.go:35.56,36.71 1 1
github.com/zen-flo/url-shortener/internal/middleware/metrics.go:36.71,45.3 6 1
github.com/zen-flo/url-shortener/internal/middleware/metrics.go:53.51,56.2 2 1
github.com/zen-flo/url-shortener/internal/middleware/metrics.go:59.36,61.2 1 1
github.com/zen-flo/url-shortener/docs/docs.go:174.13,176.2 1 0
github.com/zen-flo/url-shortener/cmd/main.go:22.13,25.15 2 0
github.com/zen-flo/url-shortener/cmd/main.go:25.15,26.42 1 0
github.com/zen-flo/url-shortener/cmd/main.go:26.42,28.4 1 0
github.com/zen-flo/url-shortener/cmd/main.go:32.2,39.12 4 0
github.com/zen-flo/url-shortener/cmd/main.go:39.12,42.22 3 0
github.com/zen-flo/url-shortener/cmd/main.go:42.22,44.4 1 0
github.com/zen-flo/url-shortener/cmd/main.go:48.2,52.73 3 0
github.com/zen-flo/url-shortener/cmd/main.go:52.73,54.3 1 0
github.com/zen-flo/url-shortener/cmd/router.go:15.61,23.58 4 1
github.com/zen-flo/url-shortener/cmd/router.go:23.58,25.76 2 1
github.com/zen-flo/url-shortener/cmd/router.go:25.76,27.4 1 0
github.com/zen-flo/url-shortener/cmd/router.go:31.2,31.64 1 1
github.com/zen-flo/url-shortener/cmd/router.go:31.64,33.50 2 1
github.com/zen-flo/url-shortener/cmd/router.go:33.50,35.4 1 0
github.com/zen-flo/url-shortener/cmd/router.go:39.2,46.10 3 1
